  Build Version
  
  Firmware Version Utility 1.10
  cmd : D:\nucleo_H74\win\..\utils\fw_ver.exe D:\nucleo_H74\win\app\build.inc D:\nucleo_H74\win\app\build.h D:\nucleo_H74\win\..\.git 
  cwd : D:\nucleo_H74\win\app
EXEC : warning : The D:\nucleo_H74\win\..\.git Directory was not found
  BUILD_HI : 1.4.1 build 2, 09:06 29.NOV.21 [Aaron] 
  
  stdafx.cpp
  2DImage.cpp
  About.cpp
  boxmuller.cpp
  BufferDC.cpp
  chkBox.cpp
  CliView.cpp
  ColorBox.cpp
  ConView.cpp
  CpMemView.cpp
  CpView.cpp
  EditEx.cpp
  GraphSet.cpp
  GraphWnd.cpp
  HyperLink.cpp
  ImageSet.cpp
  ImageWnd.cpp
  MFCEditEx.cpp
  ParmsWnd.cpp
  Path.cpp
  ProjectSet.cpp
  Generating Code...
  Compiling...
  ProjectWnd.cpp
  app.cpp
  appDoc.cpp
  MainFrm.cpp
  OutputWnd.cpp
  LogEdit.cpp
  RichEx.cpp
  SrvView.cpp
  trace.cpp
  TreeViewEx.cpp
  ViewEx.cpp
  WndResizer.cpp
  Generating Code...
  app.vcxproj -> D:\nucleo_H74\win\Debug\L15.exe
  Build Version
  Could Not Find D:\nucleo_H74\win\Debug\*.dll
  D:\nucleo_H74\win\dll\bitapi.dll -> D:\nucleo_H74\win\Debug\bitapi.dll
  D:\nucleo_H74\win\dll\cmapi.dll -> D:\nucleo_H74\win\Debug\cmapi.dll
  D:\nucleo_H74\win\dll\comapi.dll -> D:\nucleo_H74\win\Debug\comapi.dll
  D:\nucleo_H74\win\dll\ftd2xx.dll -> D:\nucleo_H74\win\Debug\ftd2xx.dll
  D:\nucleo_H74\win\dll\ftd2xx64.dll -> D:\nucleo_H74\win\Debug\ftd2xx64.dll
  D:\nucleo_H74\win\dll\optoapi.dll -> D:\nucleo_H74\win\Debug\optoapi.dll
  D:\nucleo_H74\win\dll\PEGRP64F.DLL -> D:\nucleo_H74\win\Debug\PEGRP64F.DLL
  D:\nucleo_H74\win\dll\wsc64.dll -> D:\nucleo_H74\win\Debug\wsc64.dll
  8 File(s) copied
  D:\nucleo_H74\win\lib\bitapi.pdb -> D:\nucleo_H74\win\Debug\bitapi.pdb
  D:\nucleo_H74\win\lib\cmapi.pdb -> D:\nucleo_H74\win\Debug\cmapi.pdb
  D:\nucleo_H74\win\lib\comapi.pdb -> D:\nucleo_H74\win\Debug\comapi.pdb
  D:\nucleo_H74\win\lib\optoapi.pdb -> D:\nucleo_H74\win\Debug\optoapi.pdb
  4 File(s) copied
