d:\nucleo_h74\win\app\debug\l15.pch
d:\nucleo_h74\win\app\debug\vc142.pdb
d:\nucleo_h74\win\app\debug\stdafx.obj
d:\nucleo_h74\win\app\debug\projectset.obj
d:\nucleo_h74\win\app\debug\path.obj
d:\nucleo_h74\win\app\debug\parmswnd.obj
d:\nucleo_h74\win\app\debug\mfceditex.obj
d:\nucleo_h74\win\app\debug\imagewnd.obj
d:\nucleo_h74\win\app\debug\imageset.obj
d:\nucleo_h74\win\app\debug\hyperlink.obj
d:\nucleo_h74\win\app\debug\graphwnd.obj
d:\nucleo_h74\win\app\debug\graphset.obj
d:\nucleo_h74\win\app\debug\editex.obj
d:\nucleo_h74\win\app\debug\cpview.obj
d:\nucleo_h74\win\app\debug\cpmemview.obj
d:\nucleo_h74\win\app\debug\colorbox.obj
d:\nucleo_h74\win\app\debug\cliview.obj
d:\nucleo_h74\win\app\debug\chkbox.obj
d:\nucleo_h74\win\app\debug\bufferdc.obj
d:\nucleo_h74\win\app\debug\boxmuller.obj
d:\nucleo_h74\win\app\debug\about.obj
d:\nucleo_h74\win\app\debug\2dimage.obj
d:\nucleo_h74\win\app\debug\wndresizer.obj
d:\nucleo_h74\win\app\debug\viewex.obj
d:\nucleo_h74\win\app\debug\treeviewex.obj
d:\nucleo_h74\win\app\debug\trace.obj
d:\nucleo_h74\win\app\debug\srvview.obj
d:\nucleo_h74\win\app\debug\richex.obj
d:\nucleo_h74\win\app\debug\logedit.obj
d:\nucleo_h74\win\app\debug\outputwnd.obj
d:\nucleo_h74\win\app\debug\mainfrm.obj
d:\nucleo_h74\win\app\debug\appdoc.obj
d:\nucleo_h74\win\app\debug\app.obj
d:\nucleo_h74\win\app\debug\projectwnd.obj
d:\nucleo_h74\win\app\debug\app.tlog\cl.command.1.tlog
d:\nucleo_h74\win\app\debug\app.tlog\cl.read.1.tlog
d:\nucleo_h74\win\app\debug\app.tlog\cl.write.1.tlog
